<?xml version="1.0" encoding="UTF-8"?>
<!-- Generated by org.testng.reporters.JUnitReportReporter -->
<testsuite skipped="0" hostname="DESKTOP-4N99EUM" name="com.cjc.NewTest" tests="10" failures="0" timestamp="29 Nov 2018 05:27:06 GMT" time="31.157" errors="0">
  <testcase name="click_on_myaccount" time="3.881" classname="com.cjc.NewTest"/>
  <testcase name="click_on_createaccount" time="3.111" classname="com.cjc.NewTest"/>
  <testcase name="create_account" time="2.716" classname="com.cjc.NewTest"/>
  <testcase name="click_on_register" time="4.390" classname="com.cjc.NewTest"/>
  <testcase name="verify_resistration_done" time="2.051" classname="com.cjc.NewTest"/>
  <testcase name="click_on_Tv" time="3.463" classname="com.cjc.NewTest"/>
  <testcase name="addtowish_TV" time="4.278" classname="com.cjc.NewTest"/>
  <testcase name="click_sharewishlist" time="3.717" classname="com.cjc.NewTest"/>
  <testcase name="senddata_on_wishlistpage" time="3.463" classname="com.cjc.NewTest"/>
  <testcase name="validate_wishlist_succesfully" time="0.087" classname="com.cjc.NewTest"/>
</testsuite> <!-- com.cjc.NewTest -->
